<?xml version="1.0" encoding="UTF-8"?>
<!-- Generated by org.testng.reporters.JUnitXMLReporter -->
<testsuite ignored="0" hostname="DESKTOP-1DRG44F" failures="0" tests="3" name="Test" time="40.868" errors="0" timestamp="2025-06-09T18:00:01 IST">
  <testcase classname="testPackage.AddToCartTest" name="addToCartTC_001" time="2.281"/>
  <testcase classname="testPackage.RemoveProductFromCartTest" name="removeProductFromCartTC_003" time="2.756"/>
  <testcase classname="testPackage.BuyProductTest" name="buyProductTC_002" time="8.4"/>
</testsuite> <!-- Test -->
