<?xml version="1.0" encoding="UTF-8"?>
<testng-results ignored="0" total="3" passed="3" failed="0" skipped="0">
  <reporter-output>
    <line>
      <![CDATA[<test>--Test has started execution]]>
    </line>
    <line>
      <![CDATA[[TestCase -- addToCartTC_001 Started]]]>
    </line>
    <line>
      <![CDATA[Product is added to cart !!!]]>
    </line>
    <line>
      <![CDATA[[TestCase --addToCartTC_001 Successfully Executed]]]>
    </line>
    <line>
      <![CDATA[[TestCase -- removeProductFromCartTC_003 Started]]]>
    </line>
    <line>
      <![CDATA[[TestCase --removeProductFromCartTC_003 Successfully Executed]]]>
    </line>
    <line>
      <![CDATA[[TestCase -- buyProductTC_002 Started]]]>
    </line>
    <line>
      <![CDATA[Order is Placed Successfully !!!]]>
    </line>
    <line>
      <![CDATA[[TestCase --buyProductTC_002 Successfully Executed]]]>
    </line>
  </reporter-output>
  <suite started-at="2025-06-09T17:59:20 IST" name="Suite" finished-at="2025-06-09T18:00:01 IST" duration-ms="40868">
    <groups>
    </groups>
    <test started-at="2025-06-09T17:59:20 IST" name="Test" finished-at="2025-06-09T18:00:01 IST" duration-ms="40868">
      <class name="testPackage.RemoveProductFromCartTest">
        <test-method is-config="true" signature="browserSetup()[pri:0, instance:testPackage.RemoveProductFromCartTest@6c6cb480]" started-at="2025-06-09T17:59:33 IST" name="browserSetup" finished-at="2025-06-09T17:59:37 IST" duration-ms="3941" status="PASS">
          <reporter-output>
          </reporter-output>
        </test-method> <!-- browserSetup -->
        <test-method is-config="true" signature="login()[pri:0, instance:testPackage.RemoveProductFromCartTest@6c6cb480]" started-at="2025-06-09T17:59:37 IST" name="login" finished-at="2025-06-09T17:59:40 IST" duration-ms="2905" status="PASS">
          <reporter-output>
          </reporter-output>
        </test-method> <!-- login -->
        <test-method signature="removeProductFromCartTC_003()[pri:0, instance:testPackage.RemoveProductFromCartTest@6c6cb480]" started-at="2025-06-09T17:59:40 IST" name="removeProductFromCartTC_003" finished-at="2025-06-09T17:59:43 IST" duration-ms="2756" status="PASS">
          <reporter-output>
            <line>
              <![CDATA[[TestCase -- removeProductFromCartTC_003 Started]]]>
            </line>
            <line>
              <![CDATA[[TestCase --removeProductFromCartTC_003 Successfully Executed]]]>
            </line>
          </reporter-output>
        </test-method> <!-- removeProductFromCartTC_003 -->
        <test-method is-config="true" signature="logout()[pri:0, instance:testPackage.RemoveProductFromCartTest@6c6cb480]" started-at="2025-06-09T17:59:43 IST" name="logout" finished-at="2025-06-09T17:59:44 IST" duration-ms="960" status="PASS">
          <reporter-output>
          </reporter-output>
        </test-method> <!-- logout -->
        <test-method is-config="true" signature="browserTearDown()[pri:0, instance:testPackage.RemoveProductFromCartTest@6c6cb480]" started-at="2025-06-09T17:59:44 IST" name="browserTearDown" finished-at="2025-06-09T17:59:44 IST" duration-ms="712" status="PASS">
          <reporter-output>
          </reporter-output>
        </test-method> <!-- browserTearDown -->
      </class> <!-- testPackage.RemoveProductFromCartTest -->
      <class name="testPackage.AddToCartTest">
        <test-method is-config="true" signature="browserSetup()[pri:0, instance:testPackage.AddToCartTest@175c2241]" started-at="2025-06-09T17:59:20 IST" name="browserSetup" finished-at="2025-06-09T17:59:25 IST" duration-ms="4989" status="PASS">
          <reporter-output>
          </reporter-output>
        </test-method> <!-- browserSetup -->
        <test-method is-config="true" signature="login()[pri:0, instance:testPackage.AddToCartTest@175c2241]" started-at="2025-06-09T17:59:25 IST" name="login" finished-at="2025-06-09T17:59:29 IST" duration-ms="3868" status="PASS">
          <reporter-output>
          </reporter-output>
        </test-method> <!-- login -->
        <test-method signature="addToCartTC_001()[pri:0, instance:testPackage.AddToCartTest@175c2241]" started-at="2025-06-09T17:59:29 IST" name="addToCartTC_001" finished-at="2025-06-09T17:59:31 IST" duration-ms="2281" status="PASS">
          <reporter-output>
            <line>
              <![CDATA[[TestCase -- addToCartTC_001 Started]]]>
            </line>
            <line>
              <![CDATA[Product is added to cart !!!]]>
            </line>
            <line>
              <![CDATA[[TestCase --addToCartTC_001 Successfully Executed]]]>
            </line>
          </reporter-output>
        </test-method> <!-- addToCartTC_001 -->
        <test-method is-config="true" signature="logout()[pri:0, instance:testPackage.AddToCartTest@175c2241]" started-at="2025-06-09T17:59:31 IST" name="logout" finished-at="2025-06-09T17:59:32 IST" duration-ms="858" status="PASS">
          <reporter-output>
          </reporter-output>
        </test-method> <!-- logout -->
        <test-method is-config="true" signature="browserTearDown()[pri:0, instance:testPackage.AddToCartTest@175c2241]" started-at="2025-06-09T17:59:32 IST" name="browserTearDown" finished-at="2025-06-09T17:59:33 IST" duration-ms="709" status="PASS">
          <reporter-output>
          </reporter-output>
        </test-method> <!-- browserTearDown -->
      </class> <!-- testPackage.AddToCartTest -->
      <class name="testPackage.BuyProductTest">
        <test-method is-config="true" signature="browserSetup()[pri:0, instance:testPackage.BuyProductTest@3c46e67a]" started-at="2025-06-09T17:59:44 IST" name="browserSetup" finished-at="2025-06-09T17:59:48 IST" duration-ms="4007" status="PASS">
          <reporter-output>
          </reporter-output>
        </test-method> <!-- browserSetup -->
        <test-method is-config="true" signature="login()[pri:0, instance:testPackage.BuyProductTest@3c46e67a]" started-at="2025-06-09T17:59:48 IST" name="login" finished-at="2025-06-09T17:59:51 IST" duration-ms="2754" status="PASS">
          <reporter-output>
          </reporter-output>
        </test-method> <!-- login -->
        <test-method signature="buyProductTC_002()[pri:0, instance:testPackage.BuyProductTest@3c46e67a]" started-at="2025-06-09T17:59:51 IST" name="buyProductTC_002" finished-at="2025-06-09T17:59:59 IST" duration-ms="8400" status="PASS">
          <reporter-output>
            <line>
              <![CDATA[[TestCase -- buyProductTC_002 Started]]]>
            </line>
            <line>
              <![CDATA[Order is Placed Successfully !!!]]>
            </line>
            <line>
              <![CDATA[[TestCase --buyProductTC_002 Successfully Executed]]]>
            </line>
          </reporter-output>
        </test-method> <!-- buyProductTC_002 -->
        <test-method is-config="true" signature="logout()[pri:0, instance:testPackage.BuyProductTest@3c46e67a]" started-at="2025-06-09T17:59:59 IST" name="logout" finished-at="2025-06-09T18:00:00 IST" duration-ms="901" status="PASS">
          <reporter-output>
          </reporter-output>
        </test-method> <!-- logout -->
        <test-method is-config="true" signature="browserTearDown()[pri:0, instance:testPackage.BuyProductTest@3c46e67a]" started-at="2025-06-09T18:00:00 IST" name="browserTearDown" finished-at="2025-06-09T18:00:01 IST" duration-ms="713" status="PASS">
          <reporter-output>
          </reporter-output>
        </test-method> <!-- browserTearDown -->
      </class> <!-- testPackage.BuyProductTest -->
    </test> <!-- Test -->
  </suite> <!-- Suite -->
</testng-results>
